[debug] [2023-04-01T14:52:04.011Z] ----------------------------------------------------------------------
[debug] [2023-04-01T14:52:04.014Z] Command:       C:\Program Files\nodejs\node.exe C:\Users\38762\AppData\Roaming\npm\node_modules\firebase-tools\lib\bin\firebase.js init
[debug] [2023-04-01T14:52:04.015Z] CLI Version:   11.25.2
[debug] [2023-04-01T14:52:04.015Z] Platform:      win32
[debug] [2023-04-01T14:52:04.015Z] Node Version:  v16.16.0
[debug] [2023-04-01T14:52:04.017Z] Time:          Sat Apr 01 2023 16:52:04 GMT+0200 (Central European Summer Time)
[debug] [2023-04-01T14:52:04.017Z] ----------------------------------------------------------------------
[debug] 
[debug] [2023-04-01T14:52:04.030Z] > command requires scopes: ["email","openid","https://www.googleapis.com/auth/cloudplatformprojects.readonly","https://www.googleapis.com/auth/firebase","https://www.googleapis.com/auth/cloud-platform"]
[debug] [2023-04-01T14:52:04.031Z] > authorizing via signed-in user (lepuzanovickemal@gmail.com)
[info] 
     ######## #### ########  ######## ########     ###     ######  ########
     ##        ##  ##     ## ##       ##     ##  ##   ##  ##       ##
     ######    ##  ########  ######   ########  #########  ######  ######
     ##        ##  ##    ##  ##       ##     ## ##     ##       ## ##
     ##       #### ##     ## ######## ########  ##     ##  ######  ########

You're about to initialize a Firebase project in this directory:

  C:\Users\38762\Desktop\limo-react\limomontaza

[info] 
=== Project Setup
[info] 
[info] First, let's associate this project directory with a Firebase project.
[info] You can create multiple project aliases by running firebase use --add, 
[info] but for now we'll just set up a default project.
[info] 
[debug] [2023-04-01T14:52:16.123Z] > refreshing access token with scopes: []
[debug] [2023-04-01T14:52:16.126Z] >>> [apiv2][query] POST https://www.googleapis.com/oauth2/v3/token [none]
[debug] [2023-04-01T14:52:16.126Z] >>> [apiv2][body] POST https://www.googleapis.com/oauth2/v3/token [omitted]
[debug] [2023-04-01T14:52:16.504Z] <<< [apiv2][status] POST https://www.googleapis.com/oauth2/v3/token 200
[debug] [2023-04-01T14:52:16.505Z] <<< [apiv2][body] POST https://www.googleapis.com/oauth2/v3/token [omitted]
[debug] [2023-04-01T14:52:16.533Z] >>> [apiv2][query] GET https://firebase.googleapis.com/v1beta1/projects pageSize=100
[debug] [2023-04-01T14:52:17.070Z] <<< [apiv2][status] GET https://firebase.googleapis.com/v1beta1/projects 200
[debug] [2023-04-01T14:52:17.071Z] <<< [apiv2][body] GET https://firebase.googleapis.com/v1beta1/projects [omitted]
[info] i  Using project limomontaza-f7652 (limomontaza) 
[info] 
=== Hosting Setup
[info] 
[info] Your public directory is the folder (relative to your project directory) that
[info] will contain Hosting assets to be uploaded with firebase deploy. If you
[info] have a build process for your assets, use your build's output directory.
[info] 
